<?xml version="1.0" encoding="UTF-8"?>
<coverage generated="1772925052527" clover="3.2.0">
  <project timestamp="1772925052527" name="All files">
    <metrics statements="80" coveredstatements="61" conditionals="35" coveredconditionals="23" methods="45" coveredmethods="37" elements="160" coveredelements="121" complexity="0" loc="80" ncloc="80" packages="4" files="8" classes="8"/>
    <package name="components.Game">
      <metrics statements="11" coveredstatements="11" conditionals="7" coveredconditionals="6" methods="4" coveredmethods="4"/>
      <file name="ElementalOrb.tsx" path="E:\expogame\components\Game\ElementalOrb.tsx">
        <metrics statements="7" coveredstatements="7" conditionals="3" coveredconditionals="2" methods="2" coveredmethods="2"/>
        <line num="21" count="1" type="stmt"/>
        <line num="23" count="1" type="stmt"/>
        <line num="25" count="3" type="cond" truecount="1" falsecount="1"/>
        <line num="28" count="3" type="stmt"/>
        <line num="32" count="3" type="stmt"/>
        <line num="49" count="1" type="stmt"/>
        <line num="61" count="1" type="stmt"/>
      </file>
      <file name="TargetZone.tsx" path="E:\expogame\components\Game\TargetZone.tsx">
        <metrics statements="4" coveredstatements="4" conditionals="4" coveredconditionals="4" methods="2" coveredmethods="2"/>
        <line num="6" count="2" type="stmt"/>
        <line num="8" count="2" type="stmt"/>
        <line num="10" count="2" type="stmt"/>
        <line num="21" count="1" type="stmt"/>
      </file>
    </package>
    <package name="hooks">
      <metrics statements="29" coveredstatements="11" conditionals="6" coveredconditionals="0" methods="9" coveredmethods="1"/>
      <file name="use-color-scheme.ts" path="E:\expogame\hooks\use-color-scheme.ts">
        <metrics statements="0" coveredstatements="0" conditionals="0" coveredconditionals="0" methods="0" coveredmethods="0"/>
      </file>
      <file name="use-color-scheme.web.ts" path="E:\expogame\hooks\use-color-scheme.web.ts">
        <metrics statements="7" coveredstatements="0" conditionals="2" coveredconditionals="0" methods="2" coveredmethods="0"/>
        <line num="8" count="0" type="stmt"/>
        <line num="10" count="0" type="stmt"/>
        <line num="11" count="0" type="stmt"/>
        <line num="14" count="0" type="stmt"/>
        <line num="16" count="0" type="cond" truecount="0" falsecount="2"/>
        <line num="17" count="0" type="stmt"/>
        <line num="20" count="0" type="stmt"/>
      </file>
      <file name="use-theme-color.ts" path="E:\expogame\hooks\use-theme-color.ts">
        <metrics statements="5" coveredstatements="0" conditionals="4" coveredconditionals="0" methods="1" coveredmethods="0"/>
        <line num="13" count="0" type="cond" truecount="0" falsecount="2"/>
        <line num="14" count="0" type="stmt"/>
        <line num="16" count="0" type="cond" truecount="0" falsecount="2"/>
        <line num="17" count="0" type="stmt"/>
        <line num="19" count="0" type="stmt"/>
      </file>
      <file name="useComplexGesture.ts" path="E:\expogame\hooks\useComplexGesture.ts">
        <metrics statements="17" coveredstatements="11" conditionals="0" coveredconditionals="0" methods="6" coveredmethods="1"/>
        <line num="9" count="1" type="stmt"/>
        <line num="11" count="1" type="stmt"/>
        <line num="12" count="1" type="stmt"/>
        <line num="13" count="1" type="stmt"/>
        <line num="16" count="1" type="stmt"/>
        <line num="17" count="1" type="stmt"/>
        <line num="20" count="1" type="stmt"/>
        <line num="22" count="0" type="stmt"/>
        <line num="25" count="0" type="stmt"/>
        <line num="27" count="0" type="stmt"/>
        <line num="28" count="0" type="stmt"/>
        <line num="32" count="1" type="stmt"/>
        <line num="34" count="0" type="stmt"/>
        <line num="37" count="0" type="stmt"/>
        <line num="41" count="1" type="stmt"/>
        <line num="47" count="1" type="stmt"/>
        <line num="49" count="1" type="stmt"/>
      </file>
    </package>
    <package name="store">
      <metrics statements="27" coveredstatements="27" conditionals="10" coveredconditionals="6" methods="30" coveredmethods="30"/>
      <file name="useGameStore.ts" path="E:\expogame\store\useGameStore.ts">
        <metrics statements="27" coveredstatements="27" conditionals="10" coveredconditionals="6" methods="30" coveredmethods="30"/>
        <line num="6" count="1" type="stmt"/>
        <line num="12" count="1" type="stmt"/>
        <line num="14" count="1" type="stmt"/>
        <line num="22" count="4" type="stmt"/>
        <line num="26" count="7" type="stmt"/>
        <line num="32" count="1" type="stmt"/>
        <line num="33" count="1" type="stmt"/>
        <line num="38" count="1" type="stmt"/>
        <line num="40" count="1" type="cond" truecount="1" falsecount="1"/>
        <line num="46" count="1" type="stmt"/>
        <line num="48" count="1" type="cond" truecount="1" falsecount="1"/>
        <line num="54" count="1" type="stmt"/>
        <line num="56" count="1" type="cond" truecount="1" falsecount="1"/>
        <line num="62" count="1" type="stmt"/>
        <line num="64" count="1" type="cond" truecount="1" falsecount="1"/>
        <line num="71" count="6" type="stmt"/>
        <line num="72" count="6" type="stmt"/>
        <line num="73" count="6" type="stmt"/>
        <line num="82" count="6" type="stmt"/>
        <line num="83" count="6" type="stmt"/>
        <line num="84" count="1" type="stmt"/>
        <line num="86" count="6" type="cond" truecount="2" falsecount="0"/>
        <line num="87" count="5" type="stmt"/>
        <line num="94" count="2" type="stmt"/>
        <line num="99" count="3" type="stmt"/>
        <line num="108" count="1" type="stmt"/>
        <line num="109" count="53" type="stmt"/>
      </file>
    </package>
    <package name="utils">
      <metrics statements="13" coveredstatements="12" conditionals="12" coveredconditionals="11" methods="2" coveredmethods="2"/>
      <file name="recipeLogic.ts" path="E:\expogame\utils\recipeLogic.ts">
        <metrics statements="13" coveredstatements="12" conditionals="12" coveredconditionals="11" methods="2" coveredmethods="2"/>
        <line num="8" count="1" type="stmt"/>
        <line num="14" count="5" type="stmt"/>
        <line num="17" count="13" type="cond" truecount="4" falsecount="0"/>
        <line num="20" count="13" type="cond" truecount="2" falsecount="0"/>
        <line num="22" count="4" type="cond" truecount="2" falsecount="0"/>
        <line num="23" count="3" type="stmt"/>
        <line num="28" count="2" type="stmt"/>
        <line num="34" count="1" type="stmt"/>
        <line num="35" count="3" type="cond" truecount="3" falsecount="1"/>
        <line num="36" count="1" type="stmt"/>
        <line num="37" count="1" type="stmt"/>
        <line num="38" count="1" type="stmt"/>
        <line num="39" count="0" type="stmt"/>
      </file>
    </package>
  </project>
</coverage>
