{"E:\\expogame\\hooks\\use-color-scheme.ts": {"path":"E:\\expogame\\hooks\\use-color-scheme.ts","statementMap":{},"fnMap":{},"branchMap":{},"s":{},"f":{},"b":{}}
,"E:\\expogame\\hooks\\use-color-scheme.web.ts": {"path":"E:\\expogame\\hooks\\use-color-scheme.web.ts","statementMap":{"0":{"start":{"line":8,"column":40},"end":{"line":8,"column":55}},"1":{"start":{"line":10,"column":2},"end":{"line":12,"column":9}},"2":{"start":{"line":11,"column":4},"end":{"line":11,"column":25}},"3":{"start":{"line":14,"column":22},"end":{"line":14,"column":40}},"4":{"start":{"line":16,"column":2},"end":{"line":18,"column":3}},"5":{"start":{"line":17,"column":4},"end":{"line":17,"column":23}},"6":{"start":{"line":20,"column":2},"end":{"line":20,"column":17}}},"fnMap":{"0":{"name":"useColorScheme","decl":{"start":{"line":7,"column":16},"end":{"line":7,"column":30}},"loc":{"start":{"line":7,"column":33},"end":{"line":21,"column":1}},"line":7},"1":{"name":"(anonymous_1)","decl":{"start":{"line":10,"column":12},"end":{"line":10,"column":13}},"loc":{"start":{"line":10,"column":18},"end":{"line":12,"column":3}},"line":10}},"branchMap":{"0":{"loc":{"start":{"line":16,"column":2},"end":{"line":18,"column":3}},"type":"if","locations":[{"start":{"line":16,"column":2},"end":{"line":18,"column":3}},{"start":{},"end":{}}],"line":16}},"s":{"0":0,"1":0,"2":0,"3":0,"4":0,"5":0,"6":0},"f":{"0":0,"1":0},"b":{"0":[0,0]}}
,"E:\\expogame\\hooks\\use-theme-color.ts": {"path":"E:\\expogame\\hooks\\use-theme-color.ts","statementMap":{"0":{"start":{"line":13,"column":16},"end":{"line":13,"column":43}},"1":{"start":{"line":14,"column":25},"end":{"line":14,"column":37}},"2":{"start":{"line":16,"column":2},"end":{"line":20,"column":3}},"3":{"start":{"line":17,"column":4},"end":{"line":17,"column":26}},"4":{"start":{"line":19,"column":4},"end":{"line":19,"column":36}}},"fnMap":{"0":{"name":"useThemeColor","decl":{"start":{"line":9,"column":16},"end":{"line":9,"column":29}},"loc":{"start":{"line":12,"column":2},"end":{"line":21,"column":1}},"line":12}},"branchMap":{"0":{"loc":{"start":{"line":13,"column":16},"end":{"line":13,"column":43}},"type":"binary-expr","locations":[{"start":{"line":13,"column":16},"end":{"line":13,"column":32}},{"start":{"line":13,"column":36},"end":{"line":13,"column":43}}],"line":13},"1":{"loc":{"start":{"line":16,"column":2},"end":{"line":20,"column":3}},"type":"if","locations":[{"start":{"line":16,"column":2},"end":{"line":20,"column":3}},{"start":{"line":18,"column":9},"end":{"line":20,"column":3}}],"line":16}},"s":{"0":0,"1":0,"2":0,"3":0,"4":0},"f":{"0":0},"b":{"0":[0,0],"1":[0,0]}}
,"E:\\expogame\\store\\useGameStore.ts": {"path":"E:\\expogame\\store\\useGameStore.ts","statementMap":{"0":{"start":{"line":6,"column":31},"end":{"line":10,"column":1}},"1":{"start":{"line":12,"column":28},"end":{"line":115,"column":1}},"2":{"start":{"line":14,"column":23},"end":{"line":105,"column":9}},"3":{"start":{"line":22,"column":16},"end":{"line":22,"column":49}},"4":{"start":{"line":26,"column":16},"end":{"line":28,"column":20}},"5":{"start":{"line":26,"column":32},"end":{"line":28,"column":17}},"6":{"start":{"line":32,"column":16},"end":{"line":34,"column":20}},"7":{"start":{"line":32,"column":32},"end":{"line":34,"column":17}},"8":{"start":{"line":33,"column":71},"end":{"line":33,"column":82}},"9":{"start":{"line":38,"column":16},"end":{"line":42,"column":20}},"10":{"start":{"line":38,"column":32},"end":{"line":42,"column":17}},"11":{"start":{"line":40,"column":24},"end":{"line":40,"column":59}},"12":{"start":{"line":46,"column":16},"end":{"line":50,"column":20}},"13":{"start":{"line":46,"column":32},"end":{"line":50,"column":17}},"14":{"start":{"line":48,"column":24},"end":{"line":48,"column":56}},"15":{"start":{"line":54,"column":16},"end":{"line":58,"column":20}},"16":{"start":{"line":54,"column":32},"end":{"line":58,"column":17}},"17":{"start":{"line":56,"column":24},"end":{"line":56,"column":60}},"18":{"start":{"line":62,"column":16},"end":{"line":66,"column":20}},"19":{"start":{"line":62,"column":32},"end":{"line":66,"column":17}},"20":{"start":{"line":64,"column":24},"end":{"line":64,"column":60}},"21":{"start":{"line":71,"column":16},"end":{"line":77,"column":19}},"22":{"start":{"line":72,"column":37},"end":{"line":72,"column":57}},"23":{"start":{"line":73,"column":20},"end":{"line":76,"column":22}},"24":{"start":{"line":82,"column":16},"end":{"line":90,"column":19}},"25":{"start":{"line":83,"column":46},"end":{"line":85,"column":21}},"26":{"start":{"line":84,"column":31},"end":{"line":84,"column":49}},"27":{"start":{"line":86,"column":20},"end":{"line":86,"column":56}},"28":{"start":{"line":86,"column":43},"end":{"line":86,"column":56}},"29":{"start":{"line":87,"column":20},"end":{"line":89,"column":22}},"30":{"start":{"line":94,"column":16},"end":{"line":94,"column":78}},"31":{"start":{"line":94,"column":59},"end":{"line":94,"column":76}},"32":{"start":{"line":99,"column":16},"end":{"line":103,"column":20}},"33":{"start":{"line":99,"column":32},"end":{"line":103,"column":17}},"34":{"start":{"line":108,"column":45},"end":{"line":108,"column":57}},"35":{"start":{"line":109,"column":36},"end":{"line":112,"column":13}}},"fnMap":{"0":{"name":"(anonymous_0)","decl":{"start":{"line":14,"column":8},"end":{"line":14,"column":9}},"loc":{"start":{"line":14,"column":23},"end":{"line":105,"column":9}},"line":14},"1":{"name":"(anonymous_1)","decl":{"start":{"line":21,"column":31},"end":{"line":21,"column":32}},"loc":{"start":{"line":21,"column":60},"end":{"line":23,"column":13}},"line":21},"2":{"name":"(anonymous_2)","decl":{"start":{"line":25,"column":24},"end":{"line":25,"column":25}},"loc":{"start":{"line":25,"column":46},"end":{"line":29,"column":13}},"line":25},"3":{"name":"(anonymous_3)","decl":{"start":{"line":26,"column":20},"end":{"line":26,"column":21}},"loc":{"start":{"line":26,"column":32},"end":{"line":28,"column":17}},"line":26},"4":{"name":"(anonymous_4)","decl":{"start":{"line":31,"column":27},"end":{"line":31,"column":28}},"loc":{"start":{"line":31,"column":43},"end":{"line":35,"column":13}},"line":31},"5":{"name":"(anonymous_5)","decl":{"start":{"line":32,"column":20},"end":{"line":32,"column":21}},"loc":{"start":{"line":32,"column":32},"end":{"line":34,"column":17}},"line":32},"6":{"name":"(anonymous_6)","decl":{"start":{"line":33,"column":64},"end":{"line":33,"column":65}},"loc":{"start":{"line":33,"column":71},"end":{"line":33,"column":82}},"line":33},"7":{"name":"(anonymous_7)","decl":{"start":{"line":37,"column":34},"end":{"line":37,"column":35}},"loc":{"start":{"line":37,"column":67},"end":{"line":43,"column":13}},"line":37},"8":{"name":"(anonymous_8)","decl":{"start":{"line":38,"column":20},"end":{"line":38,"column":21}},"loc":{"start":{"line":38,"column":32},"end":{"line":42,"column":17}},"line":38},"9":{"name":"(anonymous_9)","decl":{"start":{"line":39,"column":61},"end":{"line":39,"column":62}},"loc":{"start":{"line":40,"column":24},"end":{"line":40,"column":59}},"line":40},"10":{"name":"(anonymous_10)","decl":{"start":{"line":45,"column":31},"end":{"line":45,"column":32}},"loc":{"start":{"line":45,"column":66},"end":{"line":51,"column":13}},"line":45},"11":{"name":"(anonymous_11)","decl":{"start":{"line":46,"column":20},"end":{"line":46,"column":21}},"loc":{"start":{"line":46,"column":32},"end":{"line":50,"column":17}},"line":46},"12":{"name":"(anonymous_12)","decl":{"start":{"line":47,"column":61},"end":{"line":47,"column":62}},"loc":{"start":{"line":48,"column":24},"end":{"line":48,"column":56}},"line":48},"13":{"name":"(anonymous_13)","decl":{"start":{"line":53,"column":35},"end":{"line":53,"column":36}},"loc":{"start":{"line":53,"column":71},"end":{"line":59,"column":13}},"line":53},"14":{"name":"(anonymous_14)","decl":{"start":{"line":54,"column":20},"end":{"line":54,"column":21}},"loc":{"start":{"line":54,"column":32},"end":{"line":58,"column":17}},"line":54},"15":{"name":"(anonymous_15)","decl":{"start":{"line":55,"column":61},"end":{"line":55,"column":62}},"loc":{"start":{"line":56,"column":24},"end":{"line":56,"column":60}},"line":56},"16":{"name":"(anonymous_16)","decl":{"start":{"line":61,"column":35},"end":{"line":61,"column":36}},"loc":{"start":{"line":61,"column":71},"end":{"line":67,"column":13}},"line":61},"17":{"name":"(anonymous_17)","decl":{"start":{"line":62,"column":20},"end":{"line":62,"column":21}},"loc":{"start":{"line":62,"column":32},"end":{"line":66,"column":17}},"line":62},"18":{"name":"(anonymous_18)","decl":{"start":{"line":63,"column":61},"end":{"line":63,"column":62}},"loc":{"start":{"line":64,"column":24},"end":{"line":64,"column":60}},"line":64},"19":{"name":"(anonymous_19)","decl":{"start":{"line":70,"column":22},"end":{"line":70,"column":23}},"loc":{"start":{"line":70,"column":42},"end":{"line":78,"column":13}},"line":70},"20":{"name":"(anonymous_20)","decl":{"start":{"line":71,"column":20},"end":{"line":71,"column":21}},"loc":{"start":{"line":71,"column":31},"end":{"line":77,"column":17}},"line":71},"21":{"name":"(anonymous_21)","decl":{"start":{"line":81,"column":28},"end":{"line":81,"column":29}},"loc":{"start":{"line":81,"column":48},"end":{"line":91,"column":13}},"line":81},"22":{"name":"(anonymous_22)","decl":{"start":{"line":82,"column":20},"end":{"line":82,"column":21}},"loc":{"start":{"line":82,"column":31},"end":{"line":90,"column":17}},"line":82},"23":{"name":"(anonymous_23)","decl":{"start":{"line":84,"column":24},"end":{"line":84,"column":25}},"loc":{"start":{"line":84,"column":31},"end":{"line":84,"column":49}},"line":84},"24":{"name":"(anonymous_24)","decl":{"start":{"line":93,"column":32},"end":{"line":93,"column":33}},"loc":{"start":{"line":93,"column":54},"end":{"line":95,"column":13}},"line":93},"25":{"name":"(anonymous_25)","decl":{"start":{"line":94,"column":52},"end":{"line":94,"column":53}},"loc":{"start":{"line":94,"column":59},"end":{"line":94,"column":76}},"line":94},"26":{"name":"(anonymous_26)","decl":{"start":{"line":98,"column":23},"end":{"line":98,"column":24}},"loc":{"start":{"line":98,"column":29},"end":{"line":104,"column":13}},"line":98},"27":{"name":"(anonymous_27)","decl":{"start":{"line":99,"column":20},"end":{"line":99,"column":21}},"loc":{"start":{"line":99,"column":32},"end":{"line":103,"column":17}},"line":99},"28":{"name":"(anonymous_28)","decl":{"start":{"line":108,"column":39},"end":{"line":108,"column":40}},"loc":{"start":{"line":108,"column":45},"end":{"line":108,"column":57}},"line":108},"29":{"name":"(anonymous_29)","decl":{"start":{"line":109,"column":24},"end":{"line":109,"column":25}},"loc":{"start":{"line":109,"column":36},"end":{"line":112,"column":13}},"line":109}},"branchMap":{"0":{"loc":{"start":{"line":40,"column":24},"end":{"line":40,"column":59}},"type":"cond-expr","locations":[{"start":{"line":40,"column":38},"end":{"line":40,"column":55}},{"start":{"line":40,"column":58},"end":{"line":40,"column":59}}],"line":40},"1":{"loc":{"start":{"line":48,"column":24},"end":{"line":48,"column":56}},"type":"cond-expr","locations":[{"start":{"line":48,"column":38},"end":{"line":48,"column":52}},{"start":{"line":48,"column":55},"end":{"line":48,"column":56}}],"line":48},"2":{"loc":{"start":{"line":56,"column":24},"end":{"line":56,"column":60}},"type":"cond-expr","locations":[{"start":{"line":56,"column":38},"end":{"line":56,"column":56}},{"start":{"line":56,"column":59},"end":{"line":56,"column":60}}],"line":56},"3":{"loc":{"start":{"line":64,"column":24},"end":{"line":64,"column":60}},"type":"cond-expr","locations":[{"start":{"line":64,"column":38},"end":{"line":64,"column":56}},{"start":{"line":64,"column":59},"end":{"line":64,"column":60}}],"line":64},"4":{"loc":{"start":{"line":86,"column":20},"end":{"line":86,"column":56}},"type":"if","locations":[{"start":{"line":86,"column":20},"end":{"line":86,"column":56}},{"start":{},"end":{}}],"line":86}},"s":{"0":1,"1":1,"2":1,"3":4,"4":7,"5":7,"6":1,"7":1,"8":1,"9":1,"10":1,"11":1,"12":1,"13":1,"14":1,"15":1,"16":1,"17":1,"18":1,"19":1,"20":1,"21":6,"22":6,"23":6,"24":6,"25":6,"26":1,"27":6,"28":1,"29":5,"30":2,"31":2,"32":3,"33":3,"34":1,"35":53},"f":{"0":1,"1":4,"2":7,"3":7,"4":1,"5":1,"6":1,"7":1,"8":1,"9":1,"10":1,"11":1,"12":1,"13":1,"14":1,"15":1,"16":1,"17":1,"18":1,"19":6,"20":6,"21":6,"22":6,"23":1,"24":2,"25":2,"26":3,"27":3,"28":1,"29":53},"b":{"0":[1,0],"1":[1,0],"2":[1,0],"3":[1,0],"4":[1,5]},"_coverageSchema":"1a1c01bbd47fc00a2c39e90264f33305004495a9","hash":"e76d5ed3e5e69dc02f2766231023c9a14ce7f290"}
}
