TN:
SF:hooks\use-color-scheme.ts
FNF:0
FNH:0
LF:0
LH:0
BRF:0
BRH:0
end_of_record
TN:
SF:hooks\use-color-scheme.web.ts
FN:7,useColorScheme
FN:10,(anonymous_1)
FNF:2
FNH:0
FNDA:0,useColorScheme
FNDA:0,(anonymous_1)
DA:8,0
DA:10,0
DA:11,0
DA:14,0
DA:16,0
DA:17,0
DA:20,0
LF:7
LH:0
BRDA:16,0,0,0
BRDA:16,0,1,0
BRF:2
BRH:0
end_of_record
TN:
SF:hooks\use-theme-color.ts
FN:9,useThemeColor
FNF:1
FNH:0
FNDA:0,useThemeColor
DA:13,0
DA:14,0
DA:16,0
DA:17,0
DA:19,0
LF:5
LH:0
BRDA:13,0,0,0
BRDA:13,0,1,0
BRDA:16,1,0,0
BRDA:16,1,1,0
BRF:4
BRH:0
end_of_record
TN:
SF:store\useGameStore.ts
FN:14,(anonymous_0)
FN:21,(anonymous_1)
FN:25,(anonymous_2)
FN:26,(anonymous_3)
FN:31,(anonymous_4)
FN:32,(anonymous_5)
FN:33,(anonymous_6)
FN:37,(anonymous_7)
FN:38,(anonymous_8)
FN:39,(anonymous_9)
FN:45,(anonymous_10)
FN:46,(anonymous_11)
FN:47,(anonymous_12)
FN:53,(anonymous_13)
FN:54,(anonymous_14)
FN:55,(anonymous_15)
FN:61,(anonymous_16)
FN:62,(anonymous_17)
FN:63,(anonymous_18)
FN:70,(anonymous_19)
FN:71,(anonymous_20)
FN:81,(anonymous_21)
FN:82,(anonymous_22)
FN:84,(anonymous_23)
FN:93,(anonymous_24)
FN:94,(anonymous_25)
FN:98,(anonymous_26)
FN:99,(anonymous_27)
FN:108,(anonymous_28)
FN:109,(anonymous_29)
FNF:30
FNH:30
FNDA:1,(anonymous_0)
FNDA:4,(anonymous_1)
FNDA:7,(anonymous_2)
FNDA:7,(anonymous_3)
FNDA:1,(anonymous_4)
FNDA:1,(anonymous_5)
FNDA:1,(anonymous_6)
FNDA:1,(anonymous_7)
FNDA:1,(anonymous_8)
FNDA:1,(anonymous_9)
FNDA:1,(anonymous_10)
FNDA:1,(anonymous_11)
FNDA:1,(anonymous_12)
FNDA:1,(anonymous_13)
FNDA:1,(anonymous_14)
FNDA:1,(anonymous_15)
FNDA:1,(anonymous_16)
FNDA:1,(anonymous_17)
FNDA:1,(anonymous_18)
FNDA:6,(anonymous_19)
FNDA:6,(anonymous_20)
FNDA:6,(anonymous_21)
FNDA:6,(anonymous_22)
FNDA:1,(anonymous_23)
FNDA:2,(anonymous_24)
FNDA:2,(anonymous_25)
FNDA:3,(anonymous_26)
FNDA:3,(anonymous_27)
FNDA:1,(anonymous_28)
FNDA:53,(anonymous_29)
DA:6,1
DA:12,1
DA:14,1
DA:22,4
DA:26,7
DA:32,1
DA:33,1
DA:38,1
DA:40,1
DA:46,1
DA:48,1
DA:54,1
DA:56,1
DA:62,1
DA:64,1
DA:71,6
DA:72,6
DA:73,6
DA:82,6
DA:83,6
DA:84,1
DA:86,6
DA:87,5
DA:94,2
DA:99,3
DA:108,1
DA:109,53
LF:27
LH:27
BRDA:40,0,0,1
BRDA:40,0,1,0
BRDA:48,1,0,1
BRDA:48,1,1,0
BRDA:56,2,0,1
BRDA:56,2,1,0
BRDA:64,3,0,1
BRDA:64,3,1,0
BRDA:86,4,0,1
BRDA:86,4,1,5
BRF:10
BRH:6
end_of_record
